<?xml version="1.0" encoding="UTF-8"?>
<testsuite hostname="gogu-PC" name="test.YahooNewsTest" tests="1" failures="1" timestamp="23 May 2015 08:27:00 GMT" time="0.002" errors="0">
  <testcase name="testSendMail" time="0.001" classname="test.YahooNewsTest">
    <failure type="java.lang.AssertionError" message="expected:&amp;lt;Good//&amp;gt; but was:&amp;lt;Good&amp;gt;">
      <![CDATA[java.lang.AssertionError: expected:<Good//> but was:<Good>
	at test.YahooNewsTest.testSendMail(YahooNewsTest.java:19)
... Removed 29 stack frames]]>
    </failure>
  </testcase>
</testsuite>
